<?xml version="1.0" encoding="UTF-8"?>
<testng-results ignored="0" total="1" passed="1" failed="0" skipped="0">
  <reporter-output>
  </reporter-output>
  <suite started-at="2024-06-28T21:52:39 PDT" name="Default suite" finished-at="2024-06-28T21:52:43 PDT" duration-ms="4250">
    <groups>
    </groups>
    <test started-at="2024-06-28T21:52:39 PDT" name="Default test" finished-at="2024-06-28T21:52:43 PDT" duration-ms="4250">
      <class name="testlayerHome.AmazonHomepage">
        <test-method is-config="true" signature="initialsetup()[pri:0, instance:testlayerHome.AmazonHomepage@2b71e916]" started-at="2024-06-28T21:52:39 PDT" name="initialsetup" finished-at="2024-06-28T21:52:41 PDT" duration-ms="1911" status="PASS">
          <reporter-output>
          </reporter-output>
        </test-method> <!-- initialsetup -->
        <test-method signature="testSearchProduct()[pri:0, instance:testlayerHome.AmazonHomepage@2b71e916]" started-at="2024-06-28T21:52:41 PDT" name="testSearchProduct" finished-at="2024-06-28T21:52:43 PDT" duration-ms="2302" status="PASS">
          <reporter-output>
          </reporter-output>
        </test-method> <!-- testSearchProduct -->
      </class> <!-- testlayerHome.AmazonHomepage -->
    </test> <!-- Default test -->
  </suite> <!-- Default suite -->
</testng-results>
